2018-08-07 14:20:02,416 [Worker-4] INFO  o.e.m.c.i.l.LifecycleMappingFactory - Using org.maven.ide.eclipse.wtp.WarLifecycleMapping lifecycle mapping for MavenProject: com.cafe:jersson:0.0.1-SNAPSHOT @ C:\Users\Asus TP500L\Desktop\vilma\ciclo VIII\analisis\proyectoM1\jersson\pom.xml.
2018-08-07 14:20:06,134 [Worker-4] INFO  o.e.m.j.i.AbstractJavaProjectConfigurator - Adding source folder /jersson/src/main/java
2018-08-07 14:20:06,134 [Worker-4] INFO  o.e.m.j.i.AbstractJavaProjectConfigurator - Adding resource folder /jersson/src/main/resources
2018-08-07 14:20:06,134 [Worker-4] INFO  o.e.m.j.i.AbstractJavaProjectConfigurator - Adding source folder /jersson/src/test/java
2018-08-07 14:20:06,134 [Worker-4] INFO  o.e.m.j.i.AbstractJavaProjectConfigurator - Adding resource folder /jersson/src/test/resources
2018-08-07 14:20:11,061 [Worker-1] WARN  o.e.m.c.i.embedder.EclipseLogger - Using platform encoding (Cp1252 actually) to copy filtered resources, i.e. build is platform dependent!
2018-08-07 14:20:11,077 [Worker-1] INFO  o.e.m.c.i.embedder.EclipseLogger - Copying 0 resource
2018-08-07 14:20:11,077 [Worker-1] WARN  o.e.m.c.i.embedder.EclipseLogger - Using platform encoding (Cp1252 actually) to copy filtered resources, i.e. build is platform dependent!
2018-08-07 14:20:11,077 [Worker-1] INFO  o.e.m.c.i.embedder.EclipseLogger - Copying 0 resource
2018-08-07 14:20:13,158 [Worker-4] WARN  o.e.m.c.i.embedder.EclipseLogger - Using platform encoding (Cp1252 actually) to copy filtered resources, i.e. build is platform dependent!
2018-08-07 14:20:13,174 [Worker-4] INFO  o.e.m.c.i.embedder.EclipseLogger - Copying 0 resource
2018-08-07 14:20:13,174 [Worker-4] WARN  o.e.m.c.i.embedder.EclipseLogger - Using platform encoding (Cp1252 actually) to copy filtered resources, i.e. build is platform dependent!
2018-08-07 14:20:13,174 [Worker-4] INFO  o.e.m.c.i.embedder.EclipseLogger - Copying 0 resource
2018-08-07 14:20:22,072 [Worker-0] INFO  o.e.m.i.launch.MavenLaunchDelegate - C:\Users\Asus TP500L\Desktop\vilma\ciclo VIII\analisis\proyectoM1\jersson
2018-08-07 14:20:22,087 [Worker-0] INFO  o.e.m.i.launch.MavenLaunchDelegate -  mvn  -B install
2018-08-07 14:20:27,402 [Worker-3] WARN  o.e.m.c.i.embedder.EclipseLogger - Using platform encoding (Cp1252 actually) to copy filtered resources, i.e. build is platform dependent!
2018-08-07 14:20:27,402 [Worker-3] INFO  o.e.m.c.i.embedder.EclipseLogger - Copying 0 resource
2018-08-07 14:20:27,402 [Worker-3] WARN  o.e.m.c.i.embedder.EclipseLogger - Using platform encoding (Cp1252 actually) to copy filtered resources, i.e. build is platform dependent!
2018-08-07 14:20:27,402 [Worker-3] INFO  o.e.m.c.i.embedder.EclipseLogger - Copying 0 resource
2018-08-07 14:25:08,663 [Worker-8] INFO  o.e.m.c.i.l.LifecycleMappingFactory - Using org.eclipse.m2e.jdt.JarLifecycleMapping lifecycle mapping for MavenProject: com.cafe:jersson:0.0.1-SNAPSHOT @ C:\Users\Asus TP500L\Desktop\vilma\ciclo VIII\analisis\proyectoM1\jersson\pom.xml.
2018-08-07 14:25:09,724 [Worker-8] WARN  o.e.m.c.i.embedder.EclipseLogger - Using platform encoding (Cp1252 actually) to copy filtered resources, i.e. build is platform dependent!
2018-08-07 14:25:09,724 [Worker-8] INFO  o.e.m.c.i.embedder.EclipseLogger - Copying 0 resource
2018-08-07 14:25:09,724 [Worker-8] WARN  o.e.m.c.i.embedder.EclipseLogger - Using platform encoding (Cp1252 actually) to copy filtered resources, i.e. build is platform dependent!
2018-08-07 14:25:09,724 [Worker-8] INFO  o.e.m.c.i.embedder.EclipseLogger - Copying 0 resource
2018-08-07 14:25:29,610 [Worker-11] INFO  o.e.m.i.launch.MavenLaunchDelegate - C:\Users\Asus TP500L\Desktop\vilma\ciclo VIII\analisis\proyectoM1\jersson
2018-08-07 14:25:29,610 [Worker-11] INFO  o.e.m.i.launch.MavenLaunchDelegate -  mvn  -B install
2018-08-07 14:25:34,542 [Worker-6] WARN  o.e.m.c.i.embedder.EclipseLogger - Using platform encoding (Cp1252 actually) to copy filtered resources, i.e. build is platform dependent!
2018-08-07 14:25:34,542 [Worker-6] INFO  o.e.m.c.i.embedder.EclipseLogger - Copying 0 resource
2018-08-07 14:25:34,542 [Worker-6] WARN  o.e.m.c.i.embedder.EclipseLogger - Using platform encoding (Cp1252 actually) to copy filtered resources, i.e. build is platform dependent!
2018-08-07 14:25:34,542 [Worker-6] INFO  o.e.m.c.i.embedder.EclipseLogger - Copying 0 resource
2018-08-07 14:25:56,800 [Worker-8] INFO  o.e.m.c.i.l.LifecycleMappingFactory - Using org.eclipse.m2e.jdt.JarLifecycleMapping lifecycle mapping for MavenProject: com.cafe:jersson:0.0.1-SNAPSHOT @ C:\Users\Asus TP500L\Desktop\vilma\ciclo VIII\analisis\proyectoM1\jersson\pom.xml.
2018-08-07 14:25:57,037 [Worker-8] WARN  o.e.m.c.i.embedder.EclipseLogger - Using platform encoding (Cp1252 actually) to copy filtered resources, i.e. build is platform dependent!
2018-08-07 14:25:57,040 [Worker-8] INFO  o.e.m.c.i.embedder.EclipseLogger - Copying 0 resource
2018-08-07 14:25:57,042 [Worker-8] WARN  o.e.m.c.i.embedder.EclipseLogger - Using platform encoding (Cp1252 actually) to copy filtered resources, i.e. build is platform dependent!
2018-08-07 14:25:57,043 [Worker-8] INFO  o.e.m.c.i.embedder.EclipseLogger - Copying 0 resource
2018-08-07 14:32:37,292 [Worker-13] INFO  o.e.m.i.launch.MavenLaunchDelegate - C:\Users\Asus TP500L\Desktop\vilma\ciclo VIII\analisis\proyectoM1\jersson
2018-08-07 14:32:37,292 [Worker-13] INFO  o.e.m.i.launch.MavenLaunchDelegate -  mvn  -B install
2018-08-07 14:32:41,570 [Worker-15] WARN  o.e.m.c.i.embedder.EclipseLogger - Using platform encoding (Cp1252 actually) to copy filtered resources, i.e. build is platform dependent!
2018-08-07 14:32:41,570 [Worker-15] INFO  o.e.m.c.i.embedder.EclipseLogger - Copying 0 resource
2018-08-07 14:32:41,585 [Worker-15] WARN  o.e.m.c.i.embedder.EclipseLogger - Using platform encoding (Cp1252 actually) to copy filtered resources, i.e. build is platform dependent!
2018-08-07 14:32:41,585 [Worker-15] INFO  o.e.m.c.i.embedder.EclipseLogger - Copying 0 resource
2018-08-07 14:33:24,400 [Worker-16] INFO  o.e.m.i.launch.MavenLaunchDelegate - C:\Users\Asus TP500L\Desktop\vilma\ciclo VIII\analisis\proyectoM1\jersson
2018-08-07 14:33:24,400 [Worker-16] INFO  o.e.m.i.launch.MavenLaunchDelegate -  mvn  -B clean
2018-08-07 14:33:26,930 [Worker-16] WARN  o.e.m.c.i.embedder.EclipseLogger - Using platform encoding (Cp1252 actually) to copy filtered resources, i.e. build is platform dependent!
2018-08-07 14:33:26,930 [Worker-16] INFO  o.e.m.c.i.embedder.EclipseLogger - Copying 0 resource
2018-08-07 14:33:26,930 [Worker-16] WARN  o.e.m.c.i.embedder.EclipseLogger - Using platform encoding (Cp1252 actually) to copy filtered resources, i.e. build is platform dependent!
2018-08-07 14:33:26,930 [Worker-16] INFO  o.e.m.c.i.embedder.EclipseLogger - Copying 0 resource
2018-08-07 14:33:39,725 [Worker-15] INFO  o.e.m.i.launch.MavenLaunchDelegate - C:\Users\Asus TP500L\Desktop\vilma\ciclo VIII\analisis\proyectoM1\jersson
2018-08-07 14:33:39,725 [Worker-15] INFO  o.e.m.i.launch.MavenLaunchDelegate -  mvn  -B install
2018-08-07 14:33:44,029 [Worker-13] WARN  o.e.m.c.i.embedder.EclipseLogger - Using platform encoding (Cp1252 actually) to copy filtered resources, i.e. build is platform dependent!
2018-08-07 14:33:44,029 [Worker-13] INFO  o.e.m.c.i.embedder.EclipseLogger - Copying 0 resource
2018-08-07 14:33:44,045 [Worker-13] WARN  o.e.m.c.i.embedder.EclipseLogger - Using platform encoding (Cp1252 actually) to copy filtered resources, i.e. build is platform dependent!
2018-08-07 14:33:44,045 [Worker-13] INFO  o.e.m.c.i.embedder.EclipseLogger - Copying 0 resource
2018-08-07 14:36:05,570 [Worker-19] WARN  o.e.m.c.i.embedder.EclipseLogger - Using platform encoding (Cp1252 actually) to copy filtered resources, i.e. build is platform dependent!
2018-08-07 14:36:05,573 [Worker-19] INFO  o.e.m.c.i.embedder.EclipseLogger - Copying 0 resource
2018-08-07 14:36:05,574 [Worker-19] WARN  o.e.m.c.i.embedder.EclipseLogger - Using platform encoding (Cp1252 actually) to copy filtered resources, i.e. build is platform dependent!
2018-08-07 14:36:05,576 [Worker-19] INFO  o.e.m.c.i.embedder.EclipseLogger - Copying 0 resource
2018-08-07 14:36:17,483 [Worker-20] INFO  o.e.m.i.launch.MavenLaunchDelegate - C:\Users\Asus TP500L\Desktop\vilma\ciclo VIII\analisis\proyectoM1\jersson
2018-08-07 14:36:17,484 [Worker-20] INFO  o.e.m.i.launch.MavenLaunchDelegate -  mvn  -B install
2018-08-07 14:36:22,741 [Worker-19] WARN  o.e.m.c.i.embedder.EclipseLogger - Using platform encoding (Cp1252 actually) to copy filtered resources, i.e. build is platform dependent!
2018-08-07 14:36:22,744 [Worker-19] INFO  o.e.m.c.i.embedder.EclipseLogger - Copying 0 resource
2018-08-07 14:36:22,749 [Worker-19] WARN  o.e.m.c.i.embedder.EclipseLogger - Using platform encoding (Cp1252 actually) to copy filtered resources, i.e. build is platform dependent!
2018-08-07 14:36:22,750 [Worker-19] INFO  o.e.m.c.i.embedder.EclipseLogger - Copying 0 resource
2018-08-07 14:47:22,510 [Worker-4] INFO  o.e.m.c.i.l.LifecycleMappingFactory - Using org.eclipse.m2e.jdt.JarLifecycleMapping lifecycle mapping for MavenProject: com.cafe:jersson:0.0.1-SNAPSHOT @ C:\Users\Asus TP500L\Desktop\vilma\ciclo VIII\analisis\proyectoM1\jersson\pom.xml.
2018-08-07 14:47:23,883 [Worker-4] INFO  o.e.m.c.i.e.AbstractTransferListenerAdapter - Downloading https://repo.maven.apache.org/maven2/log4j/log4j/1.2.13/log4j-1.2.13.pom
2018-08-07 14:47:23,992 [Worker-4] INFO  o.e.m.c.i.e.AbstractTransferListenerAdapter - Downloaded https://repo.maven.apache.org/maven2/log4j/log4j/1.2.13/log4j-1.2.13.pom
2018-08-07 14:47:24,090 [Worker-4] INFO  o.e.m.c.i.e.AbstractTransferListenerAdapter - Downloading https://repo.maven.apache.org/maven2/log4j/log4j/1.2.13/log4j-1.2.13.jar
2018-08-07 14:47:25,889 [Worker-4] INFO  o.e.m.c.i.e.AbstractTransferListenerAdapter - Downloaded https://repo.maven.apache.org/maven2/log4j/log4j/1.2.13/log4j-1.2.13.jar
2018-08-07 14:47:26,690 [Worker-4] WARN  o.e.m.c.i.embedder.EclipseLogger - Using platform encoding (Cp1252 actually) to copy filtered resources, i.e. build is platform dependent!
2018-08-07 14:47:26,697 [Worker-4] INFO  o.e.m.c.i.embedder.EclipseLogger - Copying 0 resource
2018-08-07 14:47:26,699 [Worker-4] WARN  o.e.m.c.i.embedder.EclipseLogger - Using platform encoding (Cp1252 actually) to copy filtered resources, i.e. build is platform dependent!
2018-08-07 14:47:26,701 [Worker-4] INFO  o.e.m.c.i.embedder.EclipseLogger - Copying 0 resource
2018-08-07 14:47:28,349 [Worker-1] WARN  o.e.m.c.i.embedder.EclipseLogger - Using platform encoding (Cp1252 actually) to copy filtered resources, i.e. build is platform dependent!
2018-08-07 14:47:28,356 [Worker-1] INFO  o.e.m.c.i.embedder.EclipseLogger - Copying 0 resource
2018-08-07 14:47:28,359 [Worker-1] WARN  o.e.m.c.i.embedder.EclipseLogger - Using platform encoding (Cp1252 actually) to copy filtered resources, i.e. build is platform dependent!
2018-08-07 14:47:28,360 [Worker-1] INFO  o.e.m.c.i.embedder.EclipseLogger - Copying 0 resource
2018-08-07 15:08:36,753 [Worker-5] INFO  o.e.m.c.i.l.LifecycleMappingFactory - Using NULL lifecycle mapping for MavenProject: com.cafe.myproject:myproject:0.0.1-SNAPSHOT @ C:\Users\Asus TP500L\Desktop\vilma\ciclo VIII\analisis\proyectoM1\myproject\pom.xml.
2018-08-07 15:12:07,948 [ModalContext] INFO  o.e.m.c.i.e.AbstractTransferListenerAdapter - Downloading https://repo.maven.apache.org/maven2/org/apache/maven/archetypes/maven-archetype-quickstart/1.1/maven-archetype-quickstart-1.1.jar
2018-08-07 15:12:08,054 [ModalContext] INFO  o.e.m.c.i.e.AbstractTransferListenerAdapter - Downloaded https://repo.maven.apache.org/maven2/org/apache/maven/archetypes/maven-archetype-quickstart/1.1/maven-archetype-quickstart-1.1.jar
2018-08-07 15:12:08,163 [ModalContext] INFO  o.e.m.c.i.e.AbstractTransferListenerAdapter - Downloading https://repo.maven.apache.org/maven2/org/apache/maven/archetypes/maven-archetype-quickstart/1.1/maven-archetype-quickstart-1.1.pom
2018-08-07 15:12:08,274 [ModalContext] INFO  o.e.m.c.i.e.AbstractTransferListenerAdapter - Downloaded https://repo.maven.apache.org/maven2/org/apache/maven/archetypes/maven-archetype-quickstart/1.1/maven-archetype-quickstart-1.1.pom
2018-08-07 15:13:14,621 [Worker-15] INFO  o.e.m.c.i.p.ProjectConfigurationManager - Collecting project info '/pom.xml' C:\Users\Asus TP500L\Desktop\vilma\ciclo VIII\analisis\proyectoM1\myproject\myproject-dao\pom.xml
2018-08-07 15:13:15,541 [Worker-15] INFO  o.e.m.c.i.l.LifecycleMappingFactory - Using org.eclipse.m2e.jdt.JarLifecycleMapping lifecycle mapping for MavenProject: com.cafe.myproject:myproject-dao:0.0.1-SNAPSHOT @ C:\Users\Asus TP500L\Desktop\vilma\ciclo VIII\analisis\proyectoM1\myproject\myproject-dao\pom.xml.
2018-08-07 15:13:16,360 [Worker-15] INFO  o.e.m.j.i.AbstractJavaProjectConfigurator - Adding source folder /myproject-dao/src/main/java
2018-08-07 15:13:16,360 [Worker-15] INFO  o.e.m.j.i.AbstractJavaProjectConfigurator - Adding source folder /myproject-dao/src/test/java
2018-08-07 15:13:16,481 [Worker-15] INFO  o.e.m.c.i.p.ProjectConfigurationManager - Imported and configured 1 project(s) in 1 sec
2018-08-07 15:13:17,147 [Worker-18] INFO  o.e.m.c.i.l.LifecycleMappingFactory - Using NULL lifecycle mapping for MavenProject: com.cafe.myproject:myproject:0.0.1-SNAPSHOT @ C:\Users\Asus TP500L\Desktop\vilma\ciclo VIII\analisis\proyectoM1\myproject\pom.xml.
2018-08-07 15:13:17,949 [Worker-18] INFO  o.e.m.c.i.l.LifecycleMappingFactory - Using org.eclipse.m2e.jdt.JarLifecycleMapping lifecycle mapping for MavenProject: com.cafe.myproject:myproject-dao:0.0.1-SNAPSHOT @ C:\Users\Asus TP500L\Desktop\vilma\ciclo VIII\analisis\proyectoM1\myproject\myproject-dao\pom.xml.
2018-08-07 15:13:19,079 [Worker-18] INFO  o.e.m.c.i.embedder.EclipseLogger - Using 'UTF-8' encoding to copy filtered resources.
2018-08-07 15:13:19,079 [Worker-18] INFO  o.e.m.c.i.embedder.EclipseLogger - skip non existing resourceDirectory C:\Users\Asus TP500L\Desktop\vilma\ciclo VIII\analisis\proyectoM1\myproject\myproject-dao\src\main\resources
2018-08-07 15:13:19,082 [Worker-18] INFO  o.e.m.c.i.embedder.EclipseLogger - Using 'UTF-8' encoding to copy filtered resources.
2018-08-07 15:13:19,082 [Worker-18] INFO  o.e.m.c.i.embedder.EclipseLogger - skip non existing resourceDirectory C:\Users\Asus TP500L\Desktop\vilma\ciclo VIII\analisis\proyectoM1\myproject\myproject-dao\src\test\resources
2018-08-07 15:13:27,660 [Worker-15] INFO  o.e.m.c.i.embedder.EclipseLogger - Using 'UTF-8' encoding to copy filtered resources.
2018-08-07 15:13:27,660 [Worker-15] INFO  o.e.m.c.i.embedder.EclipseLogger - skip non existing resourceDirectory C:\Users\Asus TP500L\Desktop\vilma\ciclo VIII\analisis\proyectoM1\myproject\myproject-dao\src\main\resources
2018-08-07 15:13:27,661 [Worker-15] INFO  o.e.m.c.i.embedder.EclipseLogger - Using 'UTF-8' encoding to copy filtered resources.
2018-08-07 15:13:27,662 [Worker-15] INFO  o.e.m.c.i.embedder.EclipseLogger - skip non existing resourceDirectory C:\Users\Asus TP500L\Desktop\vilma\ciclo VIII\analisis\proyectoM1\myproject\myproject-dao\src\test\resources
2018-08-07 15:16:02,899 [Worker-18] INFO  o.e.m.c.i.p.ProjectConfigurationManager - Collecting project info '/pom.xml' C:\Users\Asus TP500L\Desktop\vilma\ciclo VIII\analisis\proyectoM1\myproject\myproject-core\pom.xml
2018-08-07 15:16:03,821 [Worker-18] INFO  o.e.m.c.i.l.LifecycleMappingFactory - Using org.eclipse.m2e.jdt.JarLifecycleMapping lifecycle mapping for MavenProject: com.cafe.myproject:myproject-core:0.0.1-SNAPSHOT @ C:\Users\Asus TP500L\Desktop\vilma\ciclo VIII\analisis\proyectoM1\myproject\myproject-core\pom.xml.
2018-08-07 15:16:04,211 [Worker-18] INFO  o.e.m.j.i.AbstractJavaProjectConfigurator - Adding source folder /myproject-core/src/main/java
2018-08-07 15:16:04,211 [Worker-18] INFO  o.e.m.j.i.AbstractJavaProjectConfigurator - Adding source folder /myproject-core/src/test/java
2018-08-07 15:16:04,274 [Worker-18] INFO  o.e.m.c.i.p.ProjectConfigurationManager - Imported and configured 1 project(s) in 1 sec
2018-08-07 15:16:04,693 [Worker-19] INFO  o.e.m.c.i.l.LifecycleMappingFactory - Using NULL lifecycle mapping for MavenProject: com.cafe.myproject:myproject:0.0.1-SNAPSHOT @ C:\Users\Asus TP500L\Desktop\vilma\ciclo VIII\analisis\proyectoM1\myproject\pom.xml.
2018-08-07 15:16:05,600 [Worker-19] INFO  o.e.m.c.i.l.LifecycleMappingFactory - Using org.eclipse.m2e.jdt.JarLifecycleMapping lifecycle mapping for MavenProject: com.cafe.myproject:myproject-dao:0.0.1-SNAPSHOT @ C:\Users\Asus TP500L\Desktop\vilma\ciclo VIII\analisis\proyectoM1\myproject\myproject-dao\pom.xml.
2018-08-07 15:16:05,686 [Worker-19] INFO  o.e.m.c.i.l.LifecycleMappingFactory - Using org.eclipse.m2e.jdt.JarLifecycleMapping lifecycle mapping for MavenProject: com.cafe.myproject:myproject-core:0.0.1-SNAPSHOT @ C:\Users\Asus TP500L\Desktop\vilma\ciclo VIII\analisis\proyectoM1\myproject\myproject-core\pom.xml.
2018-08-07 15:16:07,861 [Worker-19] INFO  o.e.m.c.i.embedder.EclipseLogger - Using 'UTF-8' encoding to copy filtered resources.
2018-08-07 15:16:07,861 [Worker-19] INFO  o.e.m.c.i.embedder.EclipseLogger - skip non existing resourceDirectory C:\Users\Asus TP500L\Desktop\vilma\ciclo VIII\analisis\proyectoM1\myproject\myproject-core\src\main\resources
2018-08-07 15:16:07,861 [Worker-19] INFO  o.e.m.c.i.embedder.EclipseLogger - Using 'UTF-8' encoding to copy filtered resources.
2018-08-07 15:16:07,861 [Worker-19] INFO  o.e.m.c.i.embedder.EclipseLogger - skip non existing resourceDirectory C:\Users\Asus TP500L\Desktop\vilma\ciclo VIII\analisis\proyectoM1\myproject\myproject-core\src\test\resources
2018-08-07 15:16:07,917 [Worker-19] INFO  o.e.m.c.i.embedder.EclipseLogger - Using 'UTF-8' encoding to copy filtered resources.
2018-08-07 15:16:07,917 [Worker-19] INFO  o.e.m.c.i.embedder.EclipseLogger - skip non existing resourceDirectory C:\Users\Asus TP500L\Desktop\vilma\ciclo VIII\analisis\proyectoM1\myproject\myproject-dao\src\main\resources
2018-08-07 15:16:07,919 [Worker-19] INFO  o.e.m.c.i.embedder.EclipseLogger - Using 'UTF-8' encoding to copy filtered resources.
2018-08-07 15:16:07,920 [Worker-19] INFO  o.e.m.c.i.embedder.EclipseLogger - skip non existing resourceDirectory C:\Users\Asus TP500L\Desktop\vilma\ciclo VIII\analisis\proyectoM1\myproject\myproject-dao\src\test\resources
2018-08-07 15:18:38,055 [ModalContext] INFO  o.e.m.c.i.e.AbstractTransferListenerAdapter - Downloading https://repo.maven.apache.org/maven2/org/apache/maven/archetypes/maven-archetype-webapp/1.0/maven-archetype-webapp-1.0.jar
2018-08-07 15:18:38,172 [ModalContext] INFO  o.e.m.c.i.e.AbstractTransferListenerAdapter - Downloaded https://repo.maven.apache.org/maven2/org/apache/maven/archetypes/maven-archetype-webapp/1.0/maven-archetype-webapp-1.0.jar
2018-08-07 15:18:38,286 [ModalContext] INFO  o.e.m.c.i.e.AbstractTransferListenerAdapter - Downloading https://repo.maven.apache.org/maven2/org/apache/maven/archetypes/maven-archetype-webapp/1.0/maven-archetype-webapp-1.0.pom
2018-08-07 15:18:38,411 [ModalContext] INFO  o.e.m.c.i.e.AbstractTransferListenerAdapter - Downloaded https://repo.maven.apache.org/maven2/org/apache/maven/archetypes/maven-archetype-webapp/1.0/maven-archetype-webapp-1.0.pom
2018-08-07 15:18:54,989 [Worker-23] INFO  o.e.m.c.i.p.ProjectConfigurationManager - Collecting project info '/pom.xml' C:\Users\Asus TP500L\Desktop\vilma\ciclo VIII\analisis\proyectoM1\myproject\myproject-web\pom.xml
2018-08-07 15:18:55,114 [Worker-23] INFO  o.e.m.c.i.l.LifecycleMappingFactory - Using org.maven.ide.eclipse.wtp.WarLifecycleMapping lifecycle mapping for MavenProject: com.cafe.myproject:myproject-web:0.0.1-SNAPSHOT @ C:\Users\Asus TP500L\Desktop\vilma\ciclo VIII\analisis\proyectoM1\myproject\myproject-web\pom.xml.
2018-08-07 15:18:55,921 [Worker-23] INFO  o.e.m.j.i.AbstractJavaProjectConfigurator - Adding source folder /myproject-web/src/main/java
2018-08-07 15:18:55,921 [Worker-23] INFO  o.e.m.j.i.AbstractJavaProjectConfigurator - Adding resource folder /myproject-web/src/main/resources
2018-08-07 15:18:55,922 [Worker-23] INFO  o.e.m.j.i.AbstractJavaProjectConfigurator - Adding source folder /myproject-web/src/test/java
2018-08-07 15:18:56,408 [Worker-23] INFO  o.e.m.c.i.p.ProjectConfigurationManager - Imported and configured 1 project(s) in 1 sec
2018-08-07 15:18:56,915 [Worker-25] INFO  o.e.m.c.i.l.LifecycleMappingFactory - Using NULL lifecycle mapping for MavenProject: com.cafe.myproject:myproject:0.0.1-SNAPSHOT @ C:\Users\Asus TP500L\Desktop\vilma\ciclo VIII\analisis\proyectoM1\myproject\pom.xml.
2018-08-07 15:18:57,612 [Worker-25] INFO  o.e.m.c.i.l.LifecycleMappingFactory - Using org.eclipse.m2e.jdt.JarLifecycleMapping lifecycle mapping for MavenProject: com.cafe.myproject:myproject-core:0.0.1-SNAPSHOT @ C:\Users\Asus TP500L\Desktop\vilma\ciclo VIII\analisis\proyectoM1\myproject\myproject-core\pom.xml.
2018-08-07 15:18:57,678 [Worker-25] INFO  o.e.m.c.i.l.LifecycleMappingFactory - Using org.eclipse.m2e.jdt.JarLifecycleMapping lifecycle mapping for MavenProject: com.cafe.myproject:myproject-dao:0.0.1-SNAPSHOT @ C:\Users\Asus TP500L\Desktop\vilma\ciclo VIII\analisis\proyectoM1\myproject\myproject-dao\pom.xml.
2018-08-07 15:18:57,745 [Worker-25] INFO  o.e.m.c.i.l.LifecycleMappingFactory - Using org.maven.ide.eclipse.wtp.WarLifecycleMapping lifecycle mapping for MavenProject: com.cafe.myproject:myproject-web:0.0.1-SNAPSHOT @ C:\Users\Asus TP500L\Desktop\vilma\ciclo VIII\analisis\proyectoM1\myproject\myproject-web\pom.xml.
2018-08-07 15:18:59,211 [Worker-18] INFO  o.e.m.c.i.embedder.EclipseLogger - Using 'UTF-8' encoding to copy filtered resources.
2018-08-07 15:18:59,211 [Worker-18] INFO  o.e.m.c.i.embedder.EclipseLogger - skip non existing resourceDirectory C:\Users\Asus TP500L\Desktop\vilma\ciclo VIII\analisis\proyectoM1\myproject\myproject-core\src\main\resources
2018-08-07 15:18:59,226 [Worker-18] INFO  o.e.m.c.i.embedder.EclipseLogger - Using 'UTF-8' encoding to copy filtered resources.
2018-08-07 15:18:59,226 [Worker-18] INFO  o.e.m.c.i.embedder.EclipseLogger - skip non existing resourceDirectory C:\Users\Asus TP500L\Desktop\vilma\ciclo VIII\analisis\proyectoM1\myproject\myproject-core\src\test\resources
2018-08-07 15:18:59,362 [Worker-22] INFO  o.e.m.c.i.embedder.EclipseLogger - Using 'UTF-8' encoding to copy filtered resources.
2018-08-07 15:18:59,362 [Worker-22] INFO  o.e.m.c.i.embedder.EclipseLogger - skip non existing resourceDirectory C:\Users\Asus TP500L\Desktop\vilma\ciclo VIII\analisis\proyectoM1\myproject\myproject-dao\src\main\resources
2018-08-07 15:18:59,378 [Worker-22] INFO  o.e.m.c.i.embedder.EclipseLogger - Using 'UTF-8' encoding to copy filtered resources.
2018-08-07 15:18:59,378 [Worker-22] INFO  o.e.m.c.i.embedder.EclipseLogger - skip non existing resourceDirectory C:\Users\Asus TP500L\Desktop\vilma\ciclo VIII\analisis\proyectoM1\myproject\myproject-dao\src\test\resources
2018-08-07 15:18:59,393 [Worker-22] WARN  o.e.m.c.i.embedder.EclipseLogger - Using platform encoding (Cp1252 actually) to copy filtered resources, i.e. build is platform dependent!
2018-08-07 15:18:59,409 [Worker-22] INFO  o.e.m.c.i.embedder.EclipseLogger - Copying 0 resource
2018-08-07 15:18:59,409 [Worker-22] WARN  o.e.m.c.i.embedder.EclipseLogger - Using platform encoding (Cp1252 actually) to copy filtered resources, i.e. build is platform dependent!
2018-08-07 15:18:59,409 [Worker-22] INFO  o.e.m.c.i.embedder.EclipseLogger - skip non existing resourceDirectory C:\Users\Asus TP500L\Desktop\vilma\ciclo VIII\analisis\proyectoM1\myproject\myproject-web\src\test\resources
2018-08-07 15:19:52,461 [Worker-18] INFO  o.e.m.i.launch.MavenLaunchDelegate - C:\Users\Asus TP500L\Desktop\vilma\ciclo VIII\analisis\proyectoM1\myproject
2018-08-07 15:19:52,461 [Worker-18] INFO  o.e.m.i.launch.MavenLaunchDelegate -  mvn  -B install
2018-08-07 15:20:02,254 [Worker-18] INFO  o.e.m.c.i.embedder.EclipseLogger - Using 'UTF-8' encoding to copy filtered resources.
2018-08-07 15:20:02,254 [Worker-18] INFO  o.e.m.c.i.embedder.EclipseLogger - skip non existing resourceDirectory C:\Users\Asus TP500L\Desktop\vilma\ciclo VIII\analisis\proyectoM1\myproject\myproject-core\src\main\resources
2018-08-07 15:20:02,254 [Worker-18] INFO  o.e.m.c.i.embedder.EclipseLogger - Using 'UTF-8' encoding to copy filtered resources.
2018-08-07 15:20:02,270 [Worker-18] INFO  o.e.m.c.i.embedder.EclipseLogger - skip non existing resourceDirectory C:\Users\Asus TP500L\Desktop\vilma\ciclo VIII\analisis\proyectoM1\myproject\myproject-core\src\test\resources
2018-08-07 15:20:02,285 [Worker-18] INFO  o.e.m.c.i.embedder.EclipseLogger - Using 'UTF-8' encoding to copy filtered resources.
2018-08-07 15:20:02,287 [Worker-18] INFO  o.e.m.c.i.embedder.EclipseLogger - skip non existing resourceDirectory C:\Users\Asus TP500L\Desktop\vilma\ciclo VIII\analisis\proyectoM1\myproject\myproject-dao\src\main\resources
2018-08-07 15:20:02,288 [Worker-18] INFO  o.e.m.c.i.embedder.EclipseLogger - Using 'UTF-8' encoding to copy filtered resources.
2018-08-07 15:20:02,289 [Worker-18] INFO  o.e.m.c.i.embedder.EclipseLogger - skip non existing resourceDirectory C:\Users\Asus TP500L\Desktop\vilma\ciclo VIII\analisis\proyectoM1\myproject\myproject-dao\src\test\resources
2018-08-07 15:20:02,300 [Worker-18] WARN  o.e.m.c.i.embedder.EclipseLogger - Using platform encoding (Cp1252 actually) to copy filtered resources, i.e. build is platform dependent!
2018-08-07 15:20:02,300 [Worker-18] INFO  o.e.m.c.i.embedder.EclipseLogger - Copying 0 resource
2018-08-07 15:20:02,300 [Worker-18] WARN  o.e.m.c.i.embedder.EclipseLogger - Using platform encoding (Cp1252 actually) to copy filtered resources, i.e. build is platform dependent!
2018-08-07 15:20:02,300 [Worker-18] INFO  o.e.m.c.i.embedder.EclipseLogger - skip non existing resourceDirectory C:\Users\Asus TP500L\Desktop\vilma\ciclo VIII\analisis\proyectoM1\myproject\myproject-web\src\test\resources
2018-08-07 15:24:36,214 [Worker-22] INFO  o.e.m.c.i.l.LifecycleMappingFactory - Using org.eclipse.m2e.jdt.JarLifecycleMapping lifecycle mapping for MavenProject: com.cafe.myproject:myproject-dao:0.0.1-SNAPSHOT @ C:\Users\Asus TP500L\Desktop\vilma\ciclo VIII\analisis\proyectoM1\myproject\myproject-dao\pom.xml.
2018-08-07 15:24:36,308 [Worker-22] INFO  o.e.m.c.i.embedder.EclipseLogger - Using 'UTF-8' encoding to copy filtered resources.
2018-08-07 15:24:36,308 [Worker-22] INFO  o.e.m.c.i.embedder.EclipseLogger - skip non existing resourceDirectory C:\Users\Asus TP500L\Desktop\vilma\ciclo VIII\analisis\proyectoM1\myproject\myproject-dao\src\main\resources
2018-08-07 15:24:36,308 [Worker-22] INFO  o.e.m.c.i.embedder.EclipseLogger - Using 'UTF-8' encoding to copy filtered resources.
2018-08-07 15:24:36,308 [Worker-22] INFO  o.e.m.c.i.embedder.EclipseLogger - skip non existing resourceDirectory C:\Users\Asus TP500L\Desktop\vilma\ciclo VIII\analisis\proyectoM1\myproject\myproject-dao\src\test\resources
2018-08-07 15:24:58,588 [Worker-31] INFO  o.e.m.c.i.l.LifecycleMappingFactory - Using org.eclipse.m2e.jdt.JarLifecycleMapping lifecycle mapping for MavenProject: com.cafe.myproject.dao:myproject-dao:0.0.1-SNAPSHOT @ C:\Users\Asus TP500L\Desktop\vilma\ciclo VIII\analisis\proyectoM1\myproject\myproject-dao\pom.xml.
2018-08-07 15:24:58,786 [Worker-31] INFO  o.e.m.c.i.embedder.EclipseLogger - Using 'UTF-8' encoding to copy filtered resources.
2018-08-07 15:24:58,787 [Worker-31] INFO  o.e.m.c.i.embedder.EclipseLogger - skip non existing resourceDirectory C:\Users\Asus TP500L\Desktop\vilma\ciclo VIII\analisis\proyectoM1\myproject\myproject-dao\src\main\resources
2018-08-07 15:24:58,789 [Worker-31] INFO  o.e.m.c.i.embedder.EclipseLogger - Using 'UTF-8' encoding to copy filtered resources.
2018-08-07 15:24:58,789 [Worker-31] INFO  o.e.m.c.i.embedder.EclipseLogger - skip non existing resourceDirectory C:\Users\Asus TP500L\Desktop\vilma\ciclo VIII\analisis\proyectoM1\myproject\myproject-dao\src\test\resources
2018-08-07 15:25:04,021 [Worker-26] INFO  o.e.m.c.i.l.LifecycleMappingFactory - Using org.eclipse.m2e.jdt.JarLifecycleMapping lifecycle mapping for MavenProject: com.cafe.myproject:myproject-dao:0.0.1-SNAPSHOT @ C:\Users\Asus TP500L\Desktop\vilma\ciclo VIII\analisis\proyectoM1\myproject\myproject-dao\pom.xml.
2018-08-07 15:25:04,082 [Worker-26] INFO  o.e.m.c.i.embedder.EclipseLogger - Using 'UTF-8' encoding to copy filtered resources.
2018-08-07 15:25:04,082 [Worker-26] INFO  o.e.m.c.i.embedder.EclipseLogger - skip non existing resourceDirectory C:\Users\Asus TP500L\Desktop\vilma\ciclo VIII\analisis\proyectoM1\myproject\myproject-dao\src\main\resources
2018-08-07 15:25:04,085 [Worker-26] INFO  o.e.m.c.i.embedder.EclipseLogger - Using 'UTF-8' encoding to copy filtered resources.
2018-08-07 15:25:04,086 [Worker-26] INFO  o.e.m.c.i.embedder.EclipseLogger - skip non existing resourceDirectory C:\Users\Asus TP500L\Desktop\vilma\ciclo VIII\analisis\proyectoM1\myproject\myproject-dao\src\test\resources
2018-08-07 15:25:20,706 [Worker-22] INFO  o.e.m.c.i.l.LifecycleMappingFactory - Using org.eclipse.m2e.jdt.JarLifecycleMapping lifecycle mapping for MavenProject: com.cafe.myproject:myproject-core:0.0.1-SNAPSHOT @ C:\Users\Asus TP500L\Desktop\vilma\ciclo VIII\analisis\proyectoM1\myproject\myproject-core\pom.xml.
2018-08-07 15:25:20,719 [Worker-22] WARN  o.e.m.c.i.embedder.EclipseLogger - The POM for com.cafe.myproject.dao:myproject-dao:jar:0.0.1-SNAPSHOT is missing, no dependency information available
2018-08-07 15:25:20,781 [Worker-22] INFO  o.e.m.c.i.embedder.EclipseLogger - Using 'UTF-8' encoding to copy filtered resources.
2018-08-07 15:25:20,782 [Worker-22] INFO  o.e.m.c.i.embedder.EclipseLogger - skip non existing resourceDirectory C:\Users\Asus TP500L\Desktop\vilma\ciclo VIII\analisis\proyectoM1\myproject\myproject-core\src\main\resources
2018-08-07 15:25:20,783 [Worker-22] INFO  o.e.m.c.i.embedder.EclipseLogger - Using 'UTF-8' encoding to copy filtered resources.
2018-08-07 15:25:20,783 [Worker-22] INFO  o.e.m.c.i.embedder.EclipseLogger - skip non existing resourceDirectory C:\Users\Asus TP500L\Desktop\vilma\ciclo VIII\analisis\proyectoM1\myproject\myproject-core\src\test\resources
2018-08-07 15:25:44,349 [Worker-26] WARN  o.e.m.c.i.embedder.EclipseLogger - The POM for com.cafe.myproject.dao:myproject-dao:jar:0.0.1-SNAPSHOT is missing, no dependency information available
2018-08-07 15:25:44,529 [Worker-32] INFO  o.e.m.c.i.l.LifecycleMappingFactory - Using org.eclipse.m2e.jdt.JarLifecycleMapping lifecycle mapping for MavenProject: com.cafe.myproject:myproject-core:0.0.1-SNAPSHOT @ C:\Users\Asus TP500L\Desktop\vilma\ciclo VIII\analisis\proyectoM1\myproject\myproject-core\pom.xml.
2018-08-07 15:25:44,537 [Worker-32] WARN  o.e.m.c.i.embedder.EclipseLogger - The POM for com.cafe.myproject.dao:myproject-dao:jar:0.0.1-SNAPSHOT is missing, no dependency information available
2018-08-07 15:25:44,584 [Worker-32] INFO  o.e.m.c.i.embedder.EclipseLogger - Using 'UTF-8' encoding to copy filtered resources.
2018-08-07 15:25:44,585 [Worker-32] INFO  o.e.m.c.i.embedder.EclipseLogger - skip non existing resourceDirectory C:\Users\Asus TP500L\Desktop\vilma\ciclo VIII\analisis\proyectoM1\myproject\myproject-core\src\main\resources
2018-08-07 15:25:44,586 [Worker-32] INFO  o.e.m.c.i.embedder.EclipseLogger - Using 'UTF-8' encoding to copy filtered resources.
2018-08-07 15:25:44,586 [Worker-32] INFO  o.e.m.c.i.embedder.EclipseLogger - skip non existing resourceDirectory C:\Users\Asus TP500L\Desktop\vilma\ciclo VIII\analisis\proyectoM1\myproject\myproject-core\src\test\resources
2018-08-07 15:26:03,991 [Worker-31] WARN  o.e.m.c.i.embedder.EclipseLogger - The POM for com.cafe.myproject.dao:myproject-dao:jar:0.0.1-SNAPSHOT is missing, no dependency information available
2018-08-07 15:26:04,184 [Worker-22] INFO  o.e.m.c.i.l.LifecycleMappingFactory - Using org.eclipse.m2e.jdt.JarLifecycleMapping lifecycle mapping for MavenProject: com.cafe.myproject:myproject-core:0.0.1-SNAPSHOT @ C:\Users\Asus TP500L\Desktop\vilma\ciclo VIII\analisis\proyectoM1\myproject\myproject-core\pom.xml.
2018-08-07 15:26:04,195 [Worker-22] WARN  o.e.m.c.i.embedder.EclipseLogger - The POM for com.cafe.myproject.dao:myproject-dao:jar:0.0.1-SNAPSHOT is missing, no dependency information available
2018-08-07 15:26:04,249 [Worker-22] INFO  o.e.m.c.i.embedder.EclipseLogger - Using 'UTF-8' encoding to copy filtered resources.
2018-08-07 15:26:04,249 [Worker-22] INFO  o.e.m.c.i.embedder.EclipseLogger - skip non existing resourceDirectory C:\Users\Asus TP500L\Desktop\vilma\ciclo VIII\analisis\proyectoM1\myproject\myproject-core\src\main\resources
2018-08-07 15:26:04,251 [Worker-22] INFO  o.e.m.c.i.embedder.EclipseLogger - Using 'UTF-8' encoding to copy filtered resources.
2018-08-07 15:26:04,252 [Worker-22] INFO  o.e.m.c.i.embedder.EclipseLogger - skip non existing resourceDirectory C:\Users\Asus TP500L\Desktop\vilma\ciclo VIII\analisis\proyectoM1\myproject\myproject-core\src\test\resources
2018-08-07 15:26:50,897 [Worker-32] WARN  o.e.m.c.i.embedder.EclipseLogger - The POM for com.cafe.myproject.dao:myproject-dao:jar:0.0.1-SNAPSHOT is missing, no dependency information available
2018-08-07 15:26:51,057 [Worker-31] INFO  o.e.m.c.i.l.LifecycleMappingFactory - Using org.eclipse.m2e.jdt.JarLifecycleMapping lifecycle mapping for MavenProject: com.cafe.myproject:myproject-core:0.0.1-SNAPSHOT @ C:\Users\Asus TP500L\Desktop\vilma\ciclo VIII\analisis\proyectoM1\myproject\myproject-core\pom.xml.
2018-08-07 15:26:51,057 [Worker-31] WARN  o.e.m.c.i.embedder.EclipseLogger - The POM for com.cafe.myproject.dao:myproject-dao:jar:0.0.1-SNAPSHOT is missing, no dependency information available
2018-08-07 15:26:51,119 [Worker-31] INFO  o.e.m.c.i.embedder.EclipseLogger - Using 'UTF-8' encoding to copy filtered resources.
2018-08-07 15:26:51,135 [Worker-31] INFO  o.e.m.c.i.embedder.EclipseLogger - skip non existing resourceDirectory C:\Users\Asus TP500L\Desktop\vilma\ciclo VIII\analisis\proyectoM1\myproject\myproject-core\src\main\resources
2018-08-07 15:26:51,135 [Worker-31] INFO  o.e.m.c.i.embedder.EclipseLogger - Using 'UTF-8' encoding to copy filtered resources.
2018-08-07 15:26:51,135 [Worker-31] INFO  o.e.m.c.i.embedder.EclipseLogger - skip non existing resourceDirectory C:\Users\Asus TP500L\Desktop\vilma\ciclo VIII\analisis\proyectoM1\myproject\myproject-core\src\test\resources
2018-08-07 15:27:01,213 [Worker-26] INFO  o.e.m.c.i.l.LifecycleMappingFactory - Using org.eclipse.m2e.jdt.JarLifecycleMapping lifecycle mapping for MavenProject: com.cafe.myproject:myproject-core:0.0.1-SNAPSHOT @ C:\Users\Asus TP500L\Desktop\vilma\ciclo VIII\analisis\proyectoM1\myproject\myproject-core\pom.xml.
2018-08-07 15:27:01,260 [Worker-26] INFO  o.e.m.c.i.embedder.EclipseLogger - Using 'UTF-8' encoding to copy filtered resources.
2018-08-07 15:27:01,260 [Worker-26] INFO  o.e.m.c.i.embedder.EclipseLogger - skip non existing resourceDirectory C:\Users\Asus TP500L\Desktop\vilma\ciclo VIII\analisis\proyectoM1\myproject\myproject-core\src\main\resources
2018-08-07 15:27:01,260 [Worker-26] INFO  o.e.m.c.i.embedder.EclipseLogger - Using 'UTF-8' encoding to copy filtered resources.
2018-08-07 15:27:01,260 [Worker-26] INFO  o.e.m.c.i.embedder.EclipseLogger - skip non existing resourceDirectory C:\Users\Asus TP500L\Desktop\vilma\ciclo VIII\analisis\proyectoM1\myproject\myproject-core\src\test\resources
2018-08-07 15:27:02,537 [Worker-31] INFO  o.e.m.c.i.embedder.EclipseLogger - Using 'UTF-8' encoding to copy filtered resources.
2018-08-07 15:27:02,537 [Worker-31] INFO  o.e.m.c.i.embedder.EclipseLogger - skip non existing resourceDirectory C:\Users\Asus TP500L\Desktop\vilma\ciclo VIII\analisis\proyectoM1\myproject\myproject-core\src\main\resources
2018-08-07 15:27:02,537 [Worker-31] INFO  o.e.m.c.i.embedder.EclipseLogger - Using 'UTF-8' encoding to copy filtered resources.
2018-08-07 15:27:02,537 [Worker-31] INFO  o.e.m.c.i.embedder.EclipseLogger - skip non existing resourceDirectory C:\Users\Asus TP500L\Desktop\vilma\ciclo VIII\analisis\proyectoM1\myproject\myproject-core\src\test\resources
2018-08-07 15:28:02,573 [Worker-26] INFO  o.e.m.c.i.l.LifecycleMappingFactory - Using org.maven.ide.eclipse.wtp.WarLifecycleMapping lifecycle mapping for MavenProject: com.cafe.myproject:myproject-web:0.0.1-SNAPSHOT @ C:\Users\Asus TP500L\Desktop\vilma\ciclo VIII\analisis\proyectoM1\myproject\myproject-web\pom.xml.
2018-08-07 15:28:03,381 [Worker-26] WARN  o.e.m.c.i.embedder.EclipseLogger - Using platform encoding (Cp1252 actually) to copy filtered resources, i.e. build is platform dependent!
2018-08-07 15:28:03,382 [Worker-26] INFO  o.e.m.c.i.embedder.EclipseLogger - Copying 0 resource
2018-08-07 15:28:03,384 [Worker-26] WARN  o.e.m.c.i.embedder.EclipseLogger - Using platform encoding (Cp1252 actually) to copy filtered resources, i.e. build is platform dependent!
2018-08-07 15:28:03,385 [Worker-26] INFO  o.e.m.c.i.embedder.EclipseLogger - skip non existing resourceDirectory C:\Users\Asus TP500L\Desktop\vilma\ciclo VIII\analisis\proyectoM1\myproject\myproject-web\src\test\resources
2018-08-07 15:28:03,387 [Worker-26] INFO  o.e.m.w.i.f.ResourceFilteringBuildParticipant - Changed resources require a complete clean of filtered resources of myproject-web
2018-08-07 15:28:03,388 [Worker-26] INFO  o.e.m.w.i.f.ResourceFilteringBuildParticipant - Executing resource filtering for myproject-web
2018-08-07 15:28:03,394 [Worker-26] WARN  o.e.m.c.i.embedder.EclipseLogger - Using platform encoding (Cp1252 actually) to copy filtered resources, i.e. build is platform dependent!
2018-08-07 15:28:04,433 [Worker-34] INFO  o.e.m.c.i.embedder.EclipseLogger - Using 'UTF-8' encoding to copy filtered resources.
2018-08-07 15:28:04,433 [Worker-34] INFO  o.e.m.c.i.embedder.EclipseLogger - skip non existing resourceDirectory C:\Users\Asus TP500L\Desktop\vilma\ciclo VIII\analisis\proyectoM1\myproject\myproject-core\src\main\resources
2018-08-07 15:28:04,434 [Worker-34] INFO  o.e.m.c.i.embedder.EclipseLogger - Using 'UTF-8' encoding to copy filtered resources.
2018-08-07 15:28:04,434 [Worker-34] INFO  o.e.m.c.i.embedder.EclipseLogger - skip non existing resourceDirectory C:\Users\Asus TP500L\Desktop\vilma\ciclo VIII\analisis\proyectoM1\myproject\myproject-core\src\test\resources
2018-08-07 15:28:24,884 [Worker-34] INFO  o.e.m.i.launch.MavenLaunchDelegate - C:\Users\Asus TP500L\Desktop\vilma\ciclo VIII\analisis\proyectoM1\myproject
2018-08-07 15:28:24,885 [Worker-34] INFO  o.e.m.i.launch.MavenLaunchDelegate -  mvn  -B install
2018-08-07 15:28:31,602 [Worker-32] INFO  o.e.m.c.i.embedder.EclipseLogger - Using 'UTF-8' encoding to copy filtered resources.
2018-08-07 15:28:31,602 [Worker-32] INFO  o.e.m.c.i.embedder.EclipseLogger - skip non existing resourceDirectory C:\Users\Asus TP500L\Desktop\vilma\ciclo VIII\analisis\proyectoM1\myproject\myproject-dao\src\main\resources
2018-08-07 15:28:31,603 [Worker-32] INFO  o.e.m.c.i.embedder.EclipseLogger - Using 'UTF-8' encoding to copy filtered resources.
2018-08-07 15:28:31,604 [Worker-32] INFO  o.e.m.c.i.embedder.EclipseLogger - skip non existing resourceDirectory C:\Users\Asus TP500L\Desktop\vilma\ciclo VIII\analisis\proyectoM1\myproject\myproject-dao\src\test\resources
2018-08-07 15:28:31,608 [Worker-32] INFO  o.e.m.c.i.embedder.EclipseLogger - Using 'UTF-8' encoding to copy filtered resources.
2018-08-07 15:28:31,608 [Worker-32] INFO  o.e.m.c.i.embedder.EclipseLogger - skip non existing resourceDirectory C:\Users\Asus TP500L\Desktop\vilma\ciclo VIII\analisis\proyectoM1\myproject\myproject-core\src\main\resources
2018-08-07 15:28:31,609 [Worker-32] INFO  o.e.m.c.i.embedder.EclipseLogger - Using 'UTF-8' encoding to copy filtered resources.
2018-08-07 15:28:31,609 [Worker-32] INFO  o.e.m.c.i.embedder.EclipseLogger - skip non existing resourceDirectory C:\Users\Asus TP500L\Desktop\vilma\ciclo VIII\analisis\proyectoM1\myproject\myproject-core\src\test\resources
2018-08-07 15:28:31,633 [Worker-32] WARN  o.e.m.c.i.embedder.EclipseLogger - Using platform encoding (Cp1252 actually) to copy filtered resources, i.e. build is platform dependent!
2018-08-07 15:28:31,634 [Worker-32] INFO  o.e.m.c.i.embedder.EclipseLogger - Copying 0 resource
2018-08-07 15:28:31,635 [Worker-32] WARN  o.e.m.c.i.embedder.EclipseLogger - Using platform encoding (Cp1252 actually) to copy filtered resources, i.e. build is platform dependent!
2018-08-07 15:28:31,635 [Worker-32] INFO  o.e.m.c.i.embedder.EclipseLogger - skip non existing resourceDirectory C:\Users\Asus TP500L\Desktop\vilma\ciclo VIII\analisis\proyectoM1\myproject\myproject-web\src\test\resources
2018-08-07 15:41:11,479 [Worker-38] INFO  o.e.m.c.i.l.LifecycleMappingFactory - Using org.eclipse.m2e.jdt.JarLifecycleMapping lifecycle mapping for MavenProject: com.cafe.myproject:myproject-dao:0.0.1-SNAPSHOT @ C:\Users\Asus TP500L\Desktop\vilma\ciclo VIII\analisis\proyectoM1\myproject\myproject-dao\pom.xml.
2018-08-07 15:41:11,525 [Worker-38] INFO  o.e.m.c.i.l.LifecycleMappingFactory - Using org.eclipse.m2e.jdt.JarLifecycleMapping lifecycle mapping for MavenProject: com.cafe.myproject:myproject-core:0.0.1-SNAPSHOT @ C:\Users\Asus TP500L\Desktop\vilma\ciclo VIII\analisis\proyectoM1\myproject\myproject-core\pom.xml.
2018-08-07 15:41:11,572 [Worker-38] INFO  o.e.m.c.i.l.LifecycleMappingFactory - Using org.maven.ide.eclipse.wtp.WarLifecycleMapping lifecycle mapping for MavenProject: com.cafe.myproject:myproject-web:0.0.1-SNAPSHOT @ C:\Users\Asus TP500L\Desktop\vilma\ciclo VIII\analisis\proyectoM1\myproject\myproject-web\pom.xml.
2018-08-07 15:41:13,070 [Worker-36] INFO  o.e.m.c.i.embedder.EclipseLogger - Using 'UTF-8' encoding to copy filtered resources.
2018-08-07 15:41:13,070 [Worker-36] INFO  o.e.m.c.i.embedder.EclipseLogger - skip non existing resourceDirectory C:\Users\Asus TP500L\Desktop\vilma\ciclo VIII\analisis\proyectoM1\myproject\myproject-dao\src\main\resources
2018-08-07 15:41:13,070 [Worker-36] INFO  o.e.m.c.i.embedder.EclipseLogger - Using 'UTF-8' encoding to copy filtered resources.
2018-08-07 15:41:13,070 [Worker-36] INFO  o.e.m.c.i.embedder.EclipseLogger - skip non existing resourceDirectory C:\Users\Asus TP500L\Desktop\vilma\ciclo VIII\analisis\proyectoM1\myproject\myproject-dao\src\test\resources
2018-08-07 15:41:13,164 [Worker-36] INFO  o.e.m.c.i.embedder.EclipseLogger - Using 'UTF-8' encoding to copy filtered resources.
2018-08-07 15:41:13,164 [Worker-36] INFO  o.e.m.c.i.embedder.EclipseLogger - skip non existing resourceDirectory C:\Users\Asus TP500L\Desktop\vilma\ciclo VIII\analisis\proyectoM1\myproject\myproject-core\src\main\resources
2018-08-07 15:41:13,164 [Worker-36] INFO  o.e.m.c.i.embedder.EclipseLogger - Using 'UTF-8' encoding to copy filtered resources.
2018-08-07 15:41:13,164 [Worker-36] INFO  o.e.m.c.i.embedder.EclipseLogger - skip non existing resourceDirectory C:\Users\Asus TP500L\Desktop\vilma\ciclo VIII\analisis\proyectoM1\myproject\myproject-core\src\test\resources
2018-08-07 15:41:13,195 [Worker-36] WARN  o.e.m.c.i.embedder.EclipseLogger - Using platform encoding (Cp1252 actually) to copy filtered resources, i.e. build is platform dependent!
2018-08-07 15:41:13,211 [Worker-36] INFO  o.e.m.c.i.embedder.EclipseLogger - Copying 0 resource
2018-08-07 15:41:13,211 [Worker-36] WARN  o.e.m.c.i.embedder.EclipseLogger - Using platform encoding (Cp1252 actually) to copy filtered resources, i.e. build is platform dependent!
2018-08-07 15:41:13,211 [Worker-36] INFO  o.e.m.c.i.embedder.EclipseLogger - skip non existing resourceDirectory C:\Users\Asus TP500L\Desktop\vilma\ciclo VIII\analisis\proyectoM1\myproject\myproject-web\src\test\resources
2018-08-07 15:41:15,739 [Worker-39] INFO  o.e.m.c.i.l.LifecycleMappingFactory - Using NULL lifecycle mapping for MavenProject: com.cafe.myproject:myproject:0.0.1-SNAPSHOT @ C:\Users\Asus TP500L\Desktop\vilma\ciclo VIII\analisis\proyectoM1\myproject\pom.xml.
2018-08-07 15:41:16,254 [Worker-39] INFO  o.e.m.c.i.l.LifecycleMappingFactory - Using org.eclipse.m2e.jdt.JarLifecycleMapping lifecycle mapping for MavenProject: com.cafe.myproject:myproject-core:0.0.1-SNAPSHOT @ C:\Users\Asus TP500L\Desktop\vilma\ciclo VIII\analisis\proyectoM1\myproject\myproject-core\pom.xml.
2018-08-07 15:41:16,301 [Worker-39] INFO  o.e.m.c.i.l.LifecycleMappingFactory - Using org.eclipse.m2e.jdt.JarLifecycleMapping lifecycle mapping for MavenProject: com.cafe.myproject:myproject-dao:0.0.1-SNAPSHOT @ C:\Users\Asus TP500L\Desktop\vilma\ciclo VIII\analisis\proyectoM1\myproject\myproject-dao\pom.xml.
2018-08-07 15:41:16,348 [Worker-39] INFO  o.e.m.c.i.l.LifecycleMappingFactory - Using org.maven.ide.eclipse.wtp.WarLifecycleMapping lifecycle mapping for MavenProject: com.cafe.myproject:myproject-web:0.0.1-SNAPSHOT @ C:\Users\Asus TP500L\Desktop\vilma\ciclo VIII\analisis\proyectoM1\myproject\myproject-web\pom.xml.
2018-08-07 15:41:17,666 [Worker-36] INFO  o.e.m.c.i.embedder.EclipseLogger - Using 'UTF-8' encoding to copy filtered resources.
2018-08-07 15:41:17,666 [Worker-36] INFO  o.e.m.c.i.embedder.EclipseLogger - skip non existing resourceDirectory C:\Users\Asus TP500L\Desktop\vilma\ciclo VIII\analisis\proyectoM1\myproject\myproject-dao\src\main\resources
2018-08-07 15:41:17,668 [Worker-36] INFO  o.e.m.c.i.embedder.EclipseLogger - Using 'UTF-8' encoding to copy filtered resources.
2018-08-07 15:41:17,668 [Worker-36] INFO  o.e.m.c.i.embedder.EclipseLogger - skip non existing resourceDirectory C:\Users\Asus TP500L\Desktop\vilma\ciclo VIII\analisis\proyectoM1\myproject\myproject-dao\src\test\resources
2018-08-07 15:41:17,698 [Worker-36] INFO  o.e.m.c.i.embedder.EclipseLogger - Using 'UTF-8' encoding to copy filtered resources.
2018-08-07 15:41:17,699 [Worker-36] INFO  o.e.m.c.i.embedder.EclipseLogger - skip non existing resourceDirectory C:\Users\Asus TP500L\Desktop\vilma\ciclo VIII\analisis\proyectoM1\myproject\myproject-core\src\main\resources
2018-08-07 15:41:17,699 [Worker-36] INFO  o.e.m.c.i.embedder.EclipseLogger - Using 'UTF-8' encoding to copy filtered resources.
2018-08-07 15:41:17,700 [Worker-36] INFO  o.e.m.c.i.embedder.EclipseLogger - skip non existing resourceDirectory C:\Users\Asus TP500L\Desktop\vilma\ciclo VIII\analisis\proyectoM1\myproject\myproject-core\src\test\resources
2018-08-07 15:41:17,734 [Worker-36] WARN  o.e.m.c.i.embedder.EclipseLogger - Using platform encoding (Cp1252 actually) to copy filtered resources, i.e. build is platform dependent!
2018-08-07 15:41:17,737 [Worker-36] INFO  o.e.m.c.i.embedder.EclipseLogger - Copying 0 resource
2018-08-07 15:41:17,738 [Worker-36] WARN  o.e.m.c.i.embedder.EclipseLogger - Using platform encoding (Cp1252 actually) to copy filtered resources, i.e. build is platform dependent!
2018-08-07 15:41:17,739 [Worker-36] INFO  o.e.m.c.i.embedder.EclipseLogger - skip non existing resourceDirectory C:\Users\Asus TP500L\Desktop\vilma\ciclo VIII\analisis\proyectoM1\myproject\myproject-web\src\test\resources
2018-08-07 15:41:57,484 [Worker-37] INFO  o.e.m.c.i.e.AbstractTransferListenerAdapter - Downloading https://repo.maven.apache.org/maven2/org/apache/maven/plugins/maven-compiler-plugin/2.3.2/maven-compiler-plugin-2.3.2.jar
2018-08-07 15:41:57,687 [Worker-37] INFO  o.e.m.c.i.e.AbstractTransferListenerAdapter - Downloaded https://repo.maven.apache.org/maven2/org/apache/maven/plugins/maven-compiler-plugin/2.3.2/maven-compiler-plugin-2.3.2.jar
2018-08-07 15:41:58,203 [Worker-37] INFO  o.e.m.c.i.e.AbstractTransferListenerAdapter - Downloading https://repo.maven.apache.org/maven2/org/apache/maven/plugins/maven-compiler-plugin/2.3.2/maven-compiler-plugin-2.3.2.pom
2018-08-07 15:41:58,296 [Worker-37] INFO  o.e.m.c.i.e.AbstractTransferListenerAdapter - Downloaded https://repo.maven.apache.org/maven2/org/apache/maven/plugins/maven-compiler-plugin/2.3.2/maven-compiler-plugin-2.3.2.pom
2018-08-07 15:41:58,625 [Worker-37] INFO  o.e.m.c.i.e.AbstractTransferListenerAdapter - Downloading https://repo.maven.apache.org/maven2/org/codehaus/plexus/plexus-compiler-api/1.8.1/plexus-compiler-api-1.8.1.pom
2018-08-07 15:41:58,750 [Worker-37] INFO  o.e.m.c.i.e.AbstractTransferListenerAdapter - Downloaded https://repo.maven.apache.org/maven2/org/codehaus/plexus/plexus-compiler-api/1.8.1/plexus-compiler-api-1.8.1.pom
2018-08-07 15:41:58,875 [Worker-37] INFO  o.e.m.c.i.e.AbstractTransferListenerAdapter - Downloading https://repo.maven.apache.org/maven2/org/codehaus/plexus/plexus-compiler/1.8.1/plexus-compiler-1.8.1.pom
2018-08-07 15:41:58,984 [Worker-37] INFO  o.e.m.c.i.e.AbstractTransferListenerAdapter - Downloaded https://repo.maven.apache.org/maven2/org/codehaus/plexus/plexus-compiler/1.8.1/plexus-compiler-1.8.1.pom
2018-08-07 15:41:59,078 [Worker-37] INFO  o.e.m.c.i.e.AbstractTransferListenerAdapter - Downloading https://repo.maven.apache.org/maven2/org/codehaus/plexus/plexus-components/1.1.18/plexus-components-1.1.18.pom
2018-08-07 15:41:59,172 [Worker-37] INFO  o.e.m.c.i.e.AbstractTransferListenerAdapter - Downloaded https://repo.maven.apache.org/maven2/org/codehaus/plexus/plexus-components/1.1.18/plexus-components-1.1.18.pom
2018-08-07 15:41:59,281 [Worker-37] INFO  o.e.m.c.i.e.AbstractTransferListenerAdapter - Downloading https://repo.maven.apache.org/maven2/org/codehaus/plexus/plexus-compiler-manager/1.8.1/plexus-compiler-manager-1.8.1.pom
2018-08-07 15:41:59,359 [Worker-37] INFO  o.e.m.c.i.e.AbstractTransferListenerAdapter - Downloaded https://repo.maven.apache.org/maven2/org/codehaus/plexus/plexus-compiler-manager/1.8.1/plexus-compiler-manager-1.8.1.pom
2018-08-07 15:41:59,453 [Worker-37] INFO  o.e.m.c.i.e.AbstractTransferListenerAdapter - Downloading https://repo.maven.apache.org/maven2/org/codehaus/plexus/plexus-compiler-javac/1.8.1/plexus-compiler-javac-1.8.1.pom
2018-08-07 15:41:59,562 [Worker-37] INFO  o.e.m.c.i.e.AbstractTransferListenerAdapter - Downloaded https://repo.maven.apache.org/maven2/org/codehaus/plexus/plexus-compiler-javac/1.8.1/plexus-compiler-javac-1.8.1.pom
2018-08-07 15:41:59,656 [Worker-37] INFO  o.e.m.c.i.e.AbstractTransferListenerAdapter - Downloading https://repo.maven.apache.org/maven2/org/codehaus/plexus/plexus-compilers/1.8.1/plexus-compilers-1.8.1.pom
2018-08-07 15:41:59,766 [Worker-37] INFO  o.e.m.c.i.e.AbstractTransferListenerAdapter - Downloaded https://repo.maven.apache.org/maven2/org/codehaus/plexus/plexus-compilers/1.8.1/plexus-compilers-1.8.1.pom
2018-08-07 15:41:59,937 [Worker-37] INFO  o.e.m.c.i.e.AbstractTransferListenerAdapter - Downloading https://repo.maven.apache.org/maven2/org/codehaus/plexus/plexus-compiler-api/1.8.1/plexus-compiler-api-1.8.1.jar
2018-08-07 15:42:00,047 [Worker-37] INFO  o.e.m.c.i.e.AbstractTransferListenerAdapter - Downloaded https://repo.maven.apache.org/maven2/org/codehaus/plexus/plexus-compiler-api/1.8.1/plexus-compiler-api-1.8.1.jar
2018-08-07 15:42:00,141 [Worker-37] INFO  o.e.m.c.i.e.AbstractTransferListenerAdapter - Downloading https://repo.maven.apache.org/maven2/org/codehaus/plexus/plexus-compiler-manager/1.8.1/plexus-compiler-manager-1.8.1.jar
2018-08-07 15:42:00,237 [Worker-37] INFO  o.e.m.c.i.e.AbstractTransferListenerAdapter - Downloaded https://repo.maven.apache.org/maven2/org/codehaus/plexus/plexus-compiler-manager/1.8.1/plexus-compiler-manager-1.8.1.jar
2018-08-07 15:42:00,331 [Worker-37] INFO  o.e.m.c.i.e.AbstractTransferListenerAdapter - Downloading https://repo.maven.apache.org/maven2/org/codehaus/plexus/plexus-compiler-javac/1.8.1/plexus-compiler-javac-1.8.1.jar
2018-08-07 15:42:00,441 [Worker-37] INFO  o.e.m.c.i.e.AbstractTransferListenerAdapter - Downloaded https://repo.maven.apache.org/maven2/org/codehaus/plexus/plexus-compiler-javac/1.8.1/plexus-compiler-javac-1.8.1.jar
2018-08-07 15:42:01,026 [Worker-37] INFO  o.e.m.c.i.l.LifecycleMappingFactory - Using org.maven.ide.eclipse.wtp.WarLifecycleMapping lifecycle mapping for MavenProject: com.miguel.proyecto:mi-primer-aplicacion-web:1.0-SNAPSHOT @ C:\Users\Asus TP500L\Desktop\vilma\ciclo VIII\analisis\proyectoM1\ejemplo-maven-master\pom.xml.
2018-08-07 15:42:01,276 [Worker-37] INFO  o.e.m.c.i.e.AbstractTransferListenerAdapter - Downloading https://repo.maven.apache.org/maven2/javax/servlet/javax.servlet-api/3.1.0/javax.servlet-api-3.1.0.pom
2018-08-07 15:42:01,513 [Worker-37] INFO  o.e.m.c.i.e.AbstractTransferListenerAdapter - Downloaded https://repo.maven.apache.org/maven2/javax/servlet/javax.servlet-api/3.1.0/javax.servlet-api-3.1.0.pom
2018-08-07 15:42:01,622 [Worker-37] INFO  o.e.m.c.i.e.AbstractTransferListenerAdapter - Downloading https://repo.maven.apache.org/maven2/net/java/jvnet-parent/3/jvnet-parent-3.pom
2018-08-07 15:42:01,731 [Worker-37] INFO  o.e.m.c.i.e.AbstractTransferListenerAdapter - Downloaded https://repo.maven.apache.org/maven2/net/java/jvnet-parent/3/jvnet-parent-3.pom
2018-08-07 15:42:01,856 [Worker-37] INFO  o.e.m.c.i.e.AbstractTransferListenerAdapter - Downloading https://repo.maven.apache.org/maven2/org/eclipse/persistence/eclipselink/2.5.2/eclipselink-2.5.2.pom
2018-08-07 15:42:01,966 [Worker-37] INFO  o.e.m.c.i.e.AbstractTransferListenerAdapter - Downloaded https://repo.maven.apache.org/maven2/org/eclipse/persistence/eclipselink/2.5.2/eclipselink-2.5.2.pom
2018-08-07 15:42:02,091 [Worker-37] INFO  o.e.m.c.i.e.AbstractTransferListenerAdapter - Downloading https://repo.maven.apache.org/maven2/org/eclipse/persistence/javax.persistence/2.1.0/javax.persistence-2.1.0.pom
2018-08-07 15:42:02,200 [Worker-37] INFO  o.e.m.c.i.e.AbstractTransferListenerAdapter - Downloaded https://repo.maven.apache.org/maven2/org/eclipse/persistence/javax.persistence/2.1.0/javax.persistence-2.1.0.pom
2018-08-07 15:42:02,388 [Worker-37] INFO  o.e.m.c.i.e.AbstractTransferListenerAdapter - Downloading https://repo.maven.apache.org/maven2/org/eclipse/persistence/commonj.sdo/2.1.1/commonj.sdo-2.1.1.pom
2018-08-07 15:42:02,894 [Worker-37] INFO  o.e.m.c.i.e.AbstractTransferListenerAdapter - Downloaded https://repo.maven.apache.org/maven2/org/eclipse/persistence/commonj.sdo/2.1.1/commonj.sdo-2.1.1.pom
2018-08-07 15:42:03,066 [Worker-37] INFO  o.e.m.c.i.e.AbstractTransferListenerAdapter - Downloading https://repo.maven.apache.org/maven2/org/eclipse/persistence/org.eclipse.persistence.jpa.modelgen.processor/2.5.2/org.eclipse.persistence.jpa.modelgen.processor-2.5.2.pom
2018-08-07 15:42:03,603 [Worker-37] INFO  o.e.m.c.i.e.AbstractTransferListenerAdapter - Downloaded https://repo.maven.apache.org/maven2/org/eclipse/persistence/org.eclipse.persistence.jpa.modelgen.processor/2.5.2/org.eclipse.persistence.jpa.modelgen.processor-2.5.2.pom
2018-08-07 15:42:03,713 [Worker-37] INFO  o.e.m.c.i.e.AbstractTransferListenerAdapter - Downloading https://repo.maven.apache.org/maven2/org/eclipse/persistence/org.eclipse.persistence.core/2.5.2/org.eclipse.persistence.core-2.5.2.pom
2018-08-07 15:42:03,806 [Worker-37] INFO  o.e.m.c.i.e.AbstractTransferListenerAdapter - Downloaded https://repo.maven.apache.org/maven2/org/eclipse/persistence/org.eclipse.persistence.core/2.5.2/org.eclipse.persistence.core-2.5.2.pom
2018-08-07 15:42:03,978 [Worker-37] INFO  o.e.m.c.i.e.AbstractTransferListenerAdapter - Downloading https://repo.maven.apache.org/maven2/org/eclipse/persistence/org.eclipse.persistence.asm/2.5.2/org.eclipse.persistence.asm-2.5.2.pom
2018-08-07 15:42:04,502 [Worker-37] INFO  o.e.m.c.i.e.AbstractTransferListenerAdapter - Downloaded https://repo.maven.apache.org/maven2/org/eclipse/persistence/org.eclipse.persistence.asm/2.5.2/org.eclipse.persistence.asm-2.5.2.pom
2018-08-07 15:42:04,673 [Worker-37] INFO  o.e.m.c.i.e.AbstractTransferListenerAdapter - Downloading https://repo.maven.apache.org/maven2/org/eclipse/persistence/org.eclipse.persistence.jpa/2.5.2/org.eclipse.persistence.jpa-2.5.2.pom
2018-08-07 15:42:05,173 [Worker-37] INFO  o.e.m.c.i.e.AbstractTransferListenerAdapter - Downloaded https://repo.maven.apache.org/maven2/org/eclipse/persistence/org.eclipse.persistence.jpa/2.5.2/org.eclipse.persistence.jpa-2.5.2.pom
2018-08-07 15:42:05,298 [Worker-37] INFO  o.e.m.c.i.e.AbstractTransferListenerAdapter - Downloading https://repo.maven.apache.org/maven2/org/eclipse/persistence/org.eclipse.persistence.antlr/2.5.2/org.eclipse.persistence.antlr-2.5.2.pom
2018-08-07 15:42:05,423 [Worker-37] INFO  o.e.m.c.i.e.AbstractTransferListenerAdapter - Downloaded https://repo.maven.apache.org/maven2/org/eclipse/persistence/org.eclipse.persistence.antlr/2.5.2/org.eclipse.persistence.antlr-2.5.2.pom
2018-08-07 15:42:05,522 [Worker-37] INFO  o.e.m.c.i.e.AbstractTransferListenerAdapter - Downloading https://repo.maven.apache.org/maven2/org/eclipse/persistence/org.eclipse.persistence.jpa.jpql/2.5.2/org.eclipse.persistence.jpa.jpql-2.5.2.pom
2018-08-07 15:42:05,647 [Worker-37] INFO  o.e.m.c.i.e.AbstractTransferListenerAdapter - Downloaded https://repo.maven.apache.org/maven2/org/eclipse/persistence/org.eclipse.persistence.jpa.jpql/2.5.2/org.eclipse.persistence.jpa.jpql-2.5.2.pom
2018-08-07 15:42:05,741 [Worker-37] INFO  o.e.m.c.i.e.AbstractTransferListenerAdapter - Downloading https://repo.maven.apache.org/maven2/mysql/mysql-connector-java/5.1.38/mysql-connector-java-5.1.38.pom
2018-08-07 15:42:05,851 [Worker-37] INFO  o.e.m.c.i.e.AbstractTransferListenerAdapter - Downloaded https://repo.maven.apache.org/maven2/mysql/mysql-connector-java/5.1.38/mysql-connector-java-5.1.38.pom
2018-08-07 15:42:05,976 [Worker-37] INFO  o.e.m.c.i.e.AbstractTransferListenerAdapter - Downloading https://repo.maven.apache.org/maven2/javax/servlet/jstl/1.2/jstl-1.2.pom
2018-08-07 15:42:06,054 [Worker-37] INFO  o.e.m.c.i.e.AbstractTransferListenerAdapter - Downloaded https://repo.maven.apache.org/maven2/javax/servlet/jstl/1.2/jstl-1.2.pom
2018-08-07 15:42:06,194 [Worker-37] INFO  o.e.m.c.i.e.AbstractTransferListenerAdapter - Downloading https://repo.maven.apache.org/maven2/com/sun/faces/jsf-api/2.2.8/jsf-api-2.2.8.pom
2018-08-07 15:42:06,475 [Worker-37] INFO  o.e.m.c.i.e.AbstractTransferListenerAdapter - Downloaded https://repo.maven.apache.org/maven2/com/sun/faces/jsf-api/2.2.8/jsf-api-2.2.8.pom
2018-08-07 15:42:06,584 [Worker-37] INFO  o.e.m.c.i.e.AbstractTransferListenerAdapter - Downloading https://repo.maven.apache.org/maven2/com/sun/faces/jsf-impl/2.2.8-19/jsf-impl-2.2.8-19.pom
2018-08-07 15:42:06,819 [Worker-37] INFO  o.e.m.c.i.e.AbstractTransferListenerAdapter - Downloaded https://repo.maven.apache.org/maven2/com/sun/faces/jsf-impl/2.2.8-19/jsf-impl-2.2.8-19.pom
2018-08-07 15:42:06,928 [Worker-37] INFO  o.e.m.c.i.e.AbstractTransferListenerAdapter - Downloading https://repo.maven.apache.org/maven2/org/primefaces/primefaces/6.0/primefaces-6.0.pom
2018-08-07 15:42:07,401 [Worker-37] INFO  o.e.m.c.i.e.AbstractTransferListenerAdapter - Downloaded https://repo.maven.apache.org/maven2/org/primefaces/primefaces/6.0/primefaces-6.0.pom
2018-08-07 15:42:07,501 [Worker-37] INFO  o.e.m.c.i.e.AbstractTransferListenerAdapter - Downloading https://repo.maven.apache.org/maven2/org/sonatype/oss/oss-parent/7/oss-parent-7.pom
2018-08-07 15:42:07,595 [Worker-37] INFO  o.e.m.c.i.e.AbstractTransferListenerAdapter - Downloaded https://repo.maven.apache.org/maven2/org/sonatype/oss/oss-parent/7/oss-parent-7.pom
2018-08-07 15:42:07,720 [Worker-37] INFO  o.e.m.c.i.e.AbstractTransferListenerAdapter - Downloading https://repo.maven.apache.org/maven2/net/bootsfaces/bootsfaces/1.0.1/bootsfaces-1.0.1.pom
2018-08-07 15:42:07,845 [Worker-37] INFO  o.e.m.c.i.e.AbstractTransferListenerAdapter - Downloaded https://repo.maven.apache.org/maven2/net/bootsfaces/bootsfaces/1.0.1/bootsfaces-1.0.1.pom
2018-08-07 15:42:07,986 [Worker-37] INFO  o.e.m.c.i.e.AbstractTransferListenerAdapter - Downloading https://repo.maven.apache.org/maven2/javax/servlet/javax.servlet-api/3.1.0/javax.servlet-api-3.1.0.jar
2018-08-07 15:42:08,740 [Worker-37] INFO  o.e.m.c.i.e.AbstractTransferListenerAdapter - Downloaded https://repo.maven.apache.org/maven2/javax/servlet/javax.servlet-api/3.1.0/javax.servlet-api-3.1.0.jar
2018-08-07 15:42:08,834 [Worker-37] INFO  o.e.m.c.i.e.AbstractTransferListenerAdapter - Downloading https://repo.maven.apache.org/maven2/org/eclipse/persistence/eclipselink/2.5.2/eclipselink-2.5.2.jar
2018-08-07 15:43:03,675 [Worker-37] INFO  o.e.m.c.i.e.AbstractTransferListenerAdapter - Downloaded https://repo.maven.apache.org/maven2/org/eclipse/persistence/eclipselink/2.5.2/eclipselink-2.5.2.jar
2018-08-07 15:43:03,865 [Worker-37] INFO  o.e.m.c.i.e.AbstractTransferListenerAdapter - Downloading https://repo.maven.apache.org/maven2/org/eclipse/persistence/javax.persistence/2.1.0/javax.persistence-2.1.0.jar
2018-08-07 15:43:04,626 [Worker-37] INFO  o.e.m.c.i.e.AbstractTransferListenerAdapter - Downloaded https://repo.maven.apache.org/maven2/org/eclipse/persistence/javax.persistence/2.1.0/javax.persistence-2.1.0.jar
2018-08-07 15:43:04,704 [Worker-37] INFO  o.e.m.c.i.e.AbstractTransferListenerAdapter - Downloading https://repo.maven.apache.org/maven2/org/eclipse/persistence/commonj.sdo/2.1.1/commonj.sdo-2.1.1.jar
2018-08-07 15:43:04,844 [Worker-37] INFO  o.e.m.c.i.e.AbstractTransferListenerAdapter - Downloaded https://repo.maven.apache.org/maven2/org/eclipse/persistence/commonj.sdo/2.1.1/commonj.sdo-2.1.1.jar
2018-08-07 15:43:04,985 [Worker-37] INFO  o.e.m.c.i.e.AbstractTransferListenerAdapter - Downloading https://repo.maven.apache.org/maven2/org/eclipse/persistence/org.eclipse.persistence.jpa.modelgen.processor/2.5.2/org.eclipse.persistence.jpa.modelgen.processor-2.5.2.jar
2018-08-07 15:43:05,204 [Worker-37] INFO  o.e.m.c.i.e.AbstractTransferListenerAdapter - Downloaded https://repo.maven.apache.org/maven2/org/eclipse/persistence/org.eclipse.persistence.jpa.modelgen.processor/2.5.2/org.eclipse.persistence.jpa.modelgen.processor-2.5.2.jar
2018-08-07 15:43:05,438 [Worker-37] INFO  o.e.m.c.i.e.AbstractTransferListenerAdapter - Downloading https://repo.maven.apache.org/maven2/org/eclipse/persistence/org.eclipse.persistence.core/2.5.2/org.eclipse.persistence.core-2.5.2.jar
2018-08-07 15:43:36,023 [Worker-37] INFO  o.e.m.c.i.e.AbstractTransferListenerAdapter - Downloaded https://repo.maven.apache.org/maven2/org/eclipse/persistence/org.eclipse.persistence.core/2.5.2/org.eclipse.persistence.core-2.5.2.jar
2018-08-07 15:43:36,164 [Worker-37] INFO  o.e.m.c.i.e.AbstractTransferListenerAdapter - Downloading https://repo.maven.apache.org/maven2/org/eclipse/persistence/org.eclipse.persistence.asm/2.5.2/org.eclipse.persistence.asm-2.5.2.jar
2018-08-07 15:43:37,691 [Worker-37] INFO  o.e.m.c.i.e.AbstractTransferListenerAdapter - Downloaded https://repo.maven.apache.org/maven2/org/eclipse/persistence/org.eclipse.persistence.asm/2.5.2/org.eclipse.persistence.asm-2.5.2.jar
2018-08-07 15:43:38,464 [Worker-37] INFO  o.e.m.c.i.e.AbstractTransferListenerAdapter - Downloading https://repo.maven.apache.org/maven2/org/eclipse/persistence/org.eclipse.persistence.jpa/2.5.2/org.eclipse.persistence.jpa-2.5.2.jar
2018-08-07 15:43:47,439 [Worker-37] INFO  o.e.m.c.i.e.AbstractTransferListenerAdapter - Downloaded https://repo.maven.apache.org/maven2/org/eclipse/persistence/org.eclipse.persistence.jpa/2.5.2/org.eclipse.persistence.jpa-2.5.2.jar
2018-08-07 15:43:47,580 [Worker-37] INFO  o.e.m.c.i.e.AbstractTransferListenerAdapter - Downloading https://repo.maven.apache.org/maven2/org/eclipse/persistence/org.eclipse.persistence.antlr/2.5.2/org.eclipse.persistence.antlr-2.5.2.jar
2018-08-07 15:43:48,697 [Worker-37] INFO  o.e.m.c.i.e.AbstractTransferListenerAdapter - Downloaded https://repo.maven.apache.org/maven2/org/eclipse/persistence/org.eclipse.persistence.antlr/2.5.2/org.eclipse.persistence.antlr-2.5.2.jar
2018-08-07 15:43:48,900 [Worker-37] INFO  o.e.m.c.i.e.AbstractTransferListenerAdapter - Downloading https://repo.maven.apache.org/maven2/org/eclipse/persistence/org.eclipse.persistence.jpa.jpql/2.5.2/org.eclipse.persistence.jpa.jpql-2.5.2.jar
2018-08-07 15:43:56,980 [Worker-37] INFO  o.e.m.c.i.e.AbstractTransferListenerAdapter - Downloaded https://repo.maven.apache.org/maven2/org/eclipse/persistence/org.eclipse.persistence.jpa.jpql/2.5.2/org.eclipse.persistence.jpa.jpql-2.5.2.jar
2018-08-07 15:43:57,105 [Worker-37] INFO  o.e.m.c.i.e.AbstractTransferListenerAdapter - Downloading https://repo.maven.apache.org/maven2/mysql/mysql-connector-java/5.1.38/mysql-connector-java-5.1.38.jar
2018-08-07 15:44:04,715 [Worker-37] INFO  o.e.m.c.i.e.AbstractTransferListenerAdapter - Downloaded https://repo.maven.apache.org/maven2/mysql/mysql-connector-java/5.1.38/mysql-connector-java-5.1.38.jar
2018-08-07 15:44:04,887 [Worker-37] INFO  o.e.m.c.i.e.AbstractTransferListenerAdapter - Downloading https://repo.maven.apache.org/maven2/javax/servlet/jstl/1.2/jstl-1.2.jar
2018-08-07 15:44:08,850 [Worker-37] INFO  o.e.m.c.i.e.AbstractTransferListenerAdapter - Downloaded https://repo.maven.apache.org/maven2/javax/servlet/jstl/1.2/jstl-1.2.jar
2018-08-07 15:44:09,037 [Worker-37] INFO  o.e.m.c.i.e.AbstractTransferListenerAdapter - Downloading https://repo.maven.apache.org/maven2/com/sun/faces/jsf-api/2.2.8/jsf-api-2.2.8.jar
2018-08-07 15:44:12,730 [Worker-37] INFO  o.e.m.c.i.e.AbstractTransferListenerAdapter - Downloaded https://repo.maven.apache.org/maven2/com/sun/faces/jsf-api/2.2.8/jsf-api-2.2.8.jar
2018-08-07 15:44:13,245 [Worker-37] INFO  o.e.m.c.i.e.AbstractTransferListenerAdapter - Downloading https://repo.maven.apache.org/maven2/com/sun/faces/jsf-impl/2.2.8-19/jsf-impl-2.2.8-19.jar
2018-08-07 15:44:28,712 [Worker-37] INFO  o.e.m.c.i.e.AbstractTransferListenerAdapter - Downloaded https://repo.maven.apache.org/maven2/com/sun/faces/jsf-impl/2.2.8-19/jsf-impl-2.2.8-19.jar
2018-08-07 15:44:28,806 [Worker-37] INFO  o.e.m.c.i.e.AbstractTransferListenerAdapter - Downloading https://repo.maven.apache.org/maven2/org/primefaces/primefaces/6.0/primefaces-6.0.jar
2018-08-07 15:44:51,495 [Worker-37] INFO  o.e.m.c.i.e.AbstractTransferListenerAdapter - Downloaded https://repo.maven.apache.org/maven2/org/primefaces/primefaces/6.0/primefaces-6.0.jar
2018-08-07 15:44:52,073 [Worker-37] INFO  o.e.m.c.i.e.AbstractTransferListenerAdapter - Downloading https://repo.maven.apache.org/maven2/net/bootsfaces/bootsfaces/1.0.1/bootsfaces-1.0.1.jar
2018-08-07 15:45:05,436 [Worker-37] INFO  o.e.m.c.i.e.AbstractTransferListenerAdapter - Downloaded https://repo.maven.apache.org/maven2/net/bootsfaces/bootsfaces/1.0.1/bootsfaces-1.0.1.jar
2018-08-07 15:45:09,096 [Worker-37] INFO  o.e.m.j.i.AbstractJavaProjectConfigurator - Adding source folder /ejemplo-maven-master/src/main/java
2018-08-07 15:45:09,096 [Worker-37] INFO  o.e.m.j.i.AbstractJavaProjectConfigurator - Adding resource folder /ejemplo-maven-master/src/main/resources
2018-08-07 15:45:09,112 [Worker-37] INFO  o.e.m.j.i.AbstractJavaProjectConfigurator - Adding source folder /ejemplo-maven-master/src/test/java
2018-08-07 15:45:09,798 [Worker-37] INFO  o.e.m.c.i.e.AbstractTransferListenerAdapter - Downloading https://repo.maven.apache.org/maven2/org/apache/tomcat/maven/tomcat7-maven-plugin/2.2/tomcat7-maven-plugin-2.2.pom
2018-08-07 15:45:10,064 [Worker-37] INFO  o.e.m.c.i.e.AbstractTransferListenerAdapter - Downloaded https://repo.maven.apache.org/maven2/org/apache/tomcat/maven/tomcat7-maven-plugin/2.2/tomcat7-maven-plugin-2.2.pom
2018-08-07 15:45:10,173 [Worker-37] INFO  o.e.m.c.i.e.AbstractTransferListenerAdapter - Downloading https://repo.maven.apache.org/maven2/org/apache/tomcat/maven/tomcat-maven-plugin/2.2/tomcat-maven-plugin-2.2.pom
2018-08-07 15:45:10,595 [Worker-37] INFO  o.e.m.c.i.e.AbstractTransferListenerAdapter - Downloaded https://repo.maven.apache.org/maven2/org/apache/tomcat/maven/tomcat-maven-plugin/2.2/tomcat-maven-plugin-2.2.pom
2018-08-07 15:45:10,689 [Worker-37] INFO  o.e.m.c.i.e.AbstractTransferListenerAdapter - Downloading https://repo.maven.apache.org/maven2/org/apache/apache/12/apache-12.pom
2018-08-07 15:45:10,892 [Worker-37] INFO  o.e.m.c.i.e.AbstractTransferListenerAdapter - Downloaded https://repo.maven.apache.org/maven2/org/apache/apache/12/apache-12.pom
2018-08-07 15:45:11,001 [Worker-37] INFO  o.e.m.c.i.e.AbstractTransferListenerAdapter - Downloading https://repo.maven.apache.org/maven2/org/apache/tomcat/maven/tomcat7-maven-plugin/2.2/tomcat7-maven-plugin-2.2.jar
2018-08-07 15:45:11,973 [Worker-37] INFO  o.e.m.c.i.e.AbstractTransferListenerAdapter - Downloaded https://repo.maven.apache.org/maven2/org/apache/tomcat/maven/tomcat7-maven-plugin/2.2/tomcat7-maven-plugin-2.2.jar
2018-08-07 15:45:12,332 [Worker-37] INFO  o.e.m.c.i.p.ProjectConfigurationManager - Imported and configured 1 project(s) in 195 sec
2018-08-07 15:45:13,265 [Worker-45] WARN  o.e.m.c.i.embedder.EclipseLogger - Using platform encoding (Cp1252 actually) to copy filtered resources, i.e. build is platform dependent!
2018-08-07 15:45:13,267 [Worker-45] INFO  o.e.m.c.i.embedder.EclipseLogger - Copying 1 resource
2018-08-07 15:45:13,297 [Worker-45] WARN  o.e.m.c.i.embedder.EclipseLogger - Using platform encoding (Cp1252 actually) to copy filtered resources, i.e. build is platform dependent!
2018-08-07 15:45:13,298 [Worker-45] INFO  o.e.m.c.i.embedder.EclipseLogger - skip non existing resourceDirectory C:\Users\Asus TP500L\Desktop\vilma\ciclo VIII\analisis\proyectoM1\ejemplo-maven-master\src\test\resources
2018-08-07 18:57:12,681 [Worker-46] WARN  o.e.m.c.i.embedder.EclipseLogger - Using platform encoding (Cp1252 actually) to copy filtered resources, i.e. build is platform dependent!
2018-08-07 18:57:12,683 [Worker-46] INFO  o.e.m.c.i.embedder.EclipseLogger - skip non existing resourceDirectory C:\Users\Asus TP500L\Desktop\vilma\ciclo VIII\analisis\proyectoM1\ejemplo-maven-master\src\main\resources
2018-08-07 18:57:12,683 [Worker-46] WARN  o.e.m.c.i.embedder.EclipseLogger - Using platform encoding (Cp1252 actually) to copy filtered resources, i.e. build is platform dependent!
2018-08-07 18:57:12,684 [Worker-46] INFO  o.e.m.c.i.embedder.EclipseLogger - skip non existing resourceDirectory C:\Users\Asus TP500L\Desktop\vilma\ciclo VIII\analisis\proyectoM1\ejemplo-maven-master\src\test\resources
